
Исходный массив (size=10): [1, 2, 3, 4, 5, 6, 7, 8, 9, 10]

Выборка (2 элементов) из 10 по критерию: Кратные пяти
[5, 10]

Пример размещений элементов выборки:
  Размещение с возвращением: [10, 5]
  Размещение без возвращения: [10, 5]

Матрица частот с возвращением, 13 проходов:
 0  0  0  0  5  0  0  0  0  8
 0  0  0  0  9  0  0  0  0  4

Матрица частот без возвращения, 42 прохода:
 0  0  0  0 26  0  0  0  0 16
 0  0  0  0 22  0  0  0  0 20
Графики сохранены: plots\freq_matrix_WR_10_Кратные_пяти.png, plots\freq_matrix_WOR_10_Кратные_пяти.png

Выборка (4 элементов) из 10 по критерию: Простые числа
[2, 3, 5, 7]

Пример размещений элементов выборки:
  Размещение с возвращением: [2, 3, 3, 3]
  Размещение без возвращения: [3, 7, 2, 5]

Матрица частот с возвращением, 13 проходов:
 0  7  6  0  0  0  0  0  0  0
 0  4  9  0  0  0  0  0  0  0
 0  5  8  0  0  0  0  0  0  0
 0  2 11  0  0  0  0  0  0  0

Матрица частот без возвращения, 42 прохода:
 0 13  8  0 11  0 10  0  0  0
 0 12 11  0  9  0 10  0  0  0
 0 14  7  0 12  0  9  0  0  0
 0  9 10  0 12  0 11  0  0  0
Графики сохранены: plots\freq_matrix_WR_10_Простые_числа.png, plots\freq_matrix_WOR_10_Простые_числа.png

Выборка (5 элементов) из 10 по критерию: Случайная выборка
[1, 2, 5, 7, 8]

Пример размещений элементов выборки:
  Размещение с возвращением: [2, 2, 8, 7, 2]
  Размещение без возвращения: [5, 1, 2, 8, 7]

Матрица частот с возвращением, 13 проходов:
 0  7  0  0  0  0  3  3  0  0
 0  9  0  0  0  0  3  1  0  0
 0  7  0  0  0  0  2  4  0  0
 0  8  0  0  0  0  3  2  0  0
 0  8  0  0  0  0  5  0  0  0

Матрица частот без возвращения, 42 прохода:
 3 13  0  0 11  0  8  7  0  0
11  8  0  0 10  0  6  7  0  0
 1  8  0  0 15  0 12  6  0  0
 3 13  0  0  8  0 14  4  0  0
 5  6  0  0 14  0  6 11  0  0
Графики сохранены: plots\freq_matrix_WR_10_Случайная_выборка.png, plots\freq_matrix_WOR_10_Случайная_выборка.png

Исходный массив (size=100): [1, 2, 3, 4, 5, 6, 7, 8, 9, 10, 11, 12, 13, 14, 15, 16, 17, 18, 19, 20, 21, 22, 23, 24, 25, 26, 27, 28, 29, 30, 31, 32, 33, 34, 35, 36, 37, 38, 39, 40, 41, 42, 43, 44, 45, 46, 47, 48, 49, 50, 51, 52, 53, 54, 55, 56, 57, 58, 59, 60, 61, 62, 63, 64, 65, 66, 67, 68, 69, 70, 71, 72, 73, 74, 75, 76, 77, 78, 79, 80, 81, 82, 83, 84, 85, 86, 87, 88, 89, 90, 91, 92, 93, 94, 95, 96, 97, 98, 99, 100]

Выборка (20 элементов) из 100 по критерию: Кратные пяти
[5, 10, 15, 20, 25, 30, 35, 40, 45, 50, 55, 60, 65, 70, 75, 80, 85, 90, 95, 100]

Пример размещений элементов выборки:
  Размещение с возвращением: [5, 85, 30, 40, 45, 70, 60, 90, 45, 90, 15, 95, 70, 80, 65, 60, 65, 40, 65, 30]
  Размещение без возвращения: [20, 85, 80, 35, 50, 15, 40, 60, 90, 30, 45, 75, 5, 25, 100, 55, 10, 70, 95, 65]

Матрица частот с возвращением, 13 проходов:
 0  0  0  0  0  0  0  0  0  0  0  0  0  0  2  0  0  0  0  0  0  0  0  0  0  0  0  0  0  1  0  0  0  0  0  0  0  0  0  0  0  0  0  0  2  0  0  0  0  0  0  0  0  0  0  0  0  0  0  2  0  0  0  0  2  0  0  0  0  0  0  0  0  0  0  0  0  0  0  1  0  0  0  0  0  0  0  0  0  3  0  0  0  0  0  0  0  0  0  0
 0  0  0  0  1  0  0  0  0  0  0  0  0  0  1  0  0  0  0  0  0  0  0  0  0  0  0  0  0  1  0  0  0  0  0  0  0  0  0  2  0  0  0  0  0  0  0  0  0  0  0  0  0  0  0  0  0  0  0  1  0  0  0  0  2  0  0  0  0  0  0  0  0  0  0  0  0  0  0  1  0  0  0  0  1  0  0  0  0  2  0  0  0  0  1  0  0  0  0  0
 0  0  0  0  0  0  0  0  0  0  0  0  0  0  0  0  0  0  0  0  0  0  0  0  0  0  0  0  0  2  0  0  0  0  0  0  0  0  0  3  0  0  0  0  0  0  0  0  0  0  0  0  0  0  0  0  0  0  0  1  0  0  0  0  2  0  0  0  0  3  0  0  0  0  0  0  0  0  0  0  0  0  0  0  0  0  0  0  0  1  0  0  0  0  1  0  0  0  0  0
 0  0  0  0  0  0  0  0  0  0  0  0  0  0  0  0  0  0  0  0  0  0  0  0  0  0  0  0  0  2  0  0  0  0  0  0  0  0  0  0  0  0  0  0  3  0  0  0  0  0  0  0  0  0  0  0  0  0  0  2  0  0  0  0  2  0  0  0  0  1  0  0  0  0  0  0  0  0  0  0  0  0  0  0  0  0  0  0  0  1  0  0  0  0  2  0  0  0  0  0
 0  0  0  0  2  0  0  0  0  0  0  0  0  0  2  0  0  0  0  0  0  0  0  0  0  0  0  0  0  0  0  0  0  0  0  0  0  0  0  3  0  0  0  0  2  0  0  0  0  0  0  0  0  0  0  0  0  0  0  1  0  0  0  0  0  0  0  0  0  1  0  0  0  0  0  0  0  0  0  0  0  0  0  0  0  0  0  0  0  2  0  0  0  0  0  0  0  0  0  0
 0  0  0  0  1  0  0  0  0  0  0  0  0  0  0  0  0  0  0  0  0  0  0  0  0  0  0  0  0  1  0  0  0  0  0  0  0  0  0  3  0  0  0  0  1  0  0  0  0  0  0  0  0  0  0  0  0  0  0  1  0  0  0  0  2  0  0  0  0  0  0  0  0  0  0  0  0  0  0  1  0  0  0  0  2  0  0  0  0  1  0  0  0  0  0  0  0  0  0  0
 0  0  0  0  0  0  0  0  0  0  0  0  0  0  0  0  0  0  0  0  0  0  0  0  0  0  0  0  0  1  0  0  0  0  0  0  0  0  0  1  0  0  0  0  0  0  0  0  0  0  0  0  0  0  0  0  0  0  0  2  0  0  0  0  3  0  0  0  0  0  0  0  0  0  0  0  0  0  0  1  0  0  0  0  2  0  0  0  0  3  0  0  0  0  0  0  0  0  0  0
 0  0  0  0  0  0  0  0  0  0  0  0  0  0  0  0  0  0  0  0  0  0  0  0  0  0  0  0  0  1  0  0  0  0  0  0  0  0  0  0  0  0  0  0  2  0  0  0  0  0  0  0  0  0  0  0  0  0  0  2  0  0  0  0  2  0  0  0  0  3  0  0  0  0  0  0  0  0  0  0  0  0  0  0  2  0  0  0  0  1  0  0  0  0  0  0  0  0  0  0
 0  0  0  0  1  0  0  0  0  0  0  0  0  0  0  0  0  0  0  0  0  0  0  0  0  0  0  0  0  1  0  0  0  0  0  0  0  0  0  1  0  0  0  0  1  0  0  0  0  0  0  0  0  0  0  0  0  0  0  4  0  0  0  0  1  0  0  0  0  2  0  0  0  0  0  0  0  0  0  1  0  0  0  0  0  0  0  0  0  1  0  0  0  0  0  0  0  0  0  0
 0  0  0  0  0  0  0  0  0  0  0  0  0  0  0  0  0  0  0  0  0  0  0  0  0  0  0  0  0  1  0  0  0  0  0  0  0  0  0  2  0  0  0  0  2  0  0  0  0  0  0  0  0  0  0  0  0  0  0  0  0  0  0  0  5  0  0  0  0  1  0  0  0  0  0  0  0  0  0  1  0  0  0  0  1  0  0  0  0  0  0  0  0  0  0  0  0  0  0  0
 0  0  0  0  2  0  0  0  0  0  0  0  0  0  1  0  0  0  0  0  0  0  0  0  0  0  0  0  0  0  0  0  0  0  0  0  0  0  0  0  0  0  0  0  2  0  0  0  0  0  0  0  0  0  0  0  0  0  0  1  0  0  0  0  1  0  0  0  0  2  0  0  0  0  0  0  0  0  0  0  0  0  0  0  1  0  0  0  0  3  0  0  0  0  0  0  0  0  0  0
 0  0  0  0  2  0  0  0  0  0  0  0  0  0  1  0  0  0  0  0  0  0  0  0  0  0  0  0  0  0  0  0  0  0  0  0  0  0  0  1  0  0  0  0  1  0  0  0  0  0  0  0  0  0  0  0  0  0  0  0  0  0  0  0  3  0  0  0  0  2  0  0  0  0  0  0  0  0  0  1  0  0  0  0  0  0  0  0  0  1  0  0  0  0  1  0  0  0  0  0
 0  0  0  0  0  0  0  0  0  0  0  0  0  0  0  0  0  0  0  0  0  0  0  0  0  0  0  0  0  3  0  0  0  0  0  0  0  0  0  1  0  0  0  0  2  0  0  0  0  0  0  0  0  0  0  0  0  0  0  0  0  0  0  0  2  0  0  0  0  1  0  0  0  0  0  0  0  0  0  0  0  0  0  0  0  0  0  0  0  4  0  0  0  0  0  0  0  0  0  0
 0  0  0  0  0  0  0  0  0  0  0  0  0  0  1  0  0  0  0  0  0  0  0  0  0  0  0  0  0  2  0  0  0  0  0  0  0  0  0  0  0  0  0  0  4  0  0  0  0  0  0  0  0  0  0  0  0  0  0  2  0  0  0  0  1  0  0  0  0  2  0  0  0  0  0  0  0  0  0  1  0  0  0  0  0  0  0  0  0  0  0  0  0  0  0  0  0  0  0  0
 0  0  0  0  0  0  0  0  0  0  0  0  0  0  1  0  0  0  0  0  0  0  0  0  0  0  0  0  0  0  0  0  0  0  0  0  0  0  0  3  0  0  0  0  1  0  0  0  0  0  0  0  0  0  0  0  0  0  0  3  0  0  0  0  2  0  0  0  0  1  0  0  0  0  0  0  0  0  0  0  0  0  0  0  1  0  0  0  0  1  0  0  0  0  0  0  0  0  0  0
 0  0  0  0  1  0  0  0  0  0  0  0  0  0  2  0  0  0  0  0  0  0  0  0  0  0  0  0  0  2  0  0  0  0  0  0  0  0  0  1  0  0  0  0  1  0  0  0  0  0  0  0  0  0  0  0  0  0  0  1  0  0  0  0  0  0  0  0  0  1  0  0  0  0  0  0  0  0  0  2  0  0  0  0  0  0  0  0  0  0  0  0  0  0  2  0  0  0  0  0
 0  0  0  0  0  0  0  0  0  0  0  0  0  0  3  0  0  0  0  0  0  0  0  0  0  0  0  0  0  3  0  0  0  0  0  0  0  0  0  1  0  0  0  0  3  0  0  0  0  0  0  0  0  0  0  0  0  0  0  0  0  0  0  0  0  0  0  0  0  2  0  0  0  0  0  0  0  0  0  0  0  0  0  0  1  0  0  0  0  0  0  0  0  0  0  0  0  0  0  0
 0  0  0  0  1  0  0  0  0  0  0  0  0  0  1  0  0  0  0  0  0  0  0  0  0  0  0  0  0  0  0  0  0  0  0  0  0  0  0  1  0  0  0  0  2  0  0  0  0  0  0  0  0  0  0  0  0  0  0  3  0  0  0  0  2  0  0  0  0  0  0  0  0  0  0  0  0  0  0  1  0  0  0  0  0  0  0  0  0  1  0  0  0  0  1  0  0  0  0  0
 0  0  0  0  0  0  0  0  0  0  0  0  0  0  1  0  0  0  0  0  0  0  0  0  0  0  0  0  0  2  0  0  0  0  0  0  0  0  0  4  0  0  0  0  1  0  0  0  0  0  0  0  0  0  0  0  0  0  0  1  0  0  0  0  0  0  0  0  0  2  0  0  0  0  0  0  0  0  0  0  0  0  0  0  1  0  0  0  0  1  0  0  0  0  0  0  0  0  0  0
 0  0  0  0  1  0  0  0  0  0  0  0  0  0  1  0  0  0  0  0  0  0  0  0  0  0  0  0  0  2  0  0  0  0  0  0  0  0  0  1  0  0  0  0  0  0  0  0  0  0  0  0  0  0  0  0  0  0  0  0  0  0  0  0  1  0  0  0  0  5  0  0  0  0  0  0  0  0  0  0  0  0  0  0  0  0  0  0  0  1  0  0  0  0  1  0  0  0  0  0

Матрица частот без возвращения, 42 прохода:
 0  0  0  0  3  0  0  0  0  1  0  0  0  0  0  0  0  0  0  1  0  0  0  0  4  0  0  0  0  5  0  0  0  0  3  0  0  0  0  1  0  0  0  0  2  0  0  0  0  3  0  0  0  0  3  0  0  0  0  0  0  0  0  0  4  0  0  0  0  2  0  0  0  0  2  0  0  0  0  0  0  0  0  0  3  0  0  0  0  3  0  0  0  0  1  0  0  0  0  1
 0  0  0  0  4  0  0  0  0  3  0  0  0  0  0  0  0  0  0  4  0  0  0  0  1  0  0  0  0  0  0  0  0  0  4  0  0  0  0  2  0  0  0  0  1  0  0  0  0  1  0  0  0  0  2  0  0  0  0  2  0  0  0  0  1  0  0  0  0  3  0  0  0  0  4  0  0  0  0  1  0  0  0  0  4  0  0  0  0  3  0  0  0  0  0  0  0  0  0  2
 0  0  0  0  1  0  0  0  0  4  0  0  0  0  1  0  0  0  0  1  0  0  0  0  4  0  0  0  0  1  0  0  0  0  5  0  0  0  0  4  0  0  0  0  1  0  0  0  0  0  0  0  0  0  5  0  0  0  0  2  0  0  0  0  2  0  0  0  0  1  0  0  0  0  2  0  0  0  0  0  0  0  0  0  2  0  0  0  0  2  0  0  0  0  2  0  0  0  0  2
 0  0  0  0  0  0  0  0  0  3  0  0  0  0  0  0  0  0  0  3  0  0  0  0  1  0  0  0  0  2  0  0  0  0  3  0  0  0  0  3  0  0  0  0  0  0  0  0  0  3  0  0  0  0  1  0  0  0  0  4  0  0  0  0  2  0  0  0  0  3  0  0  0  0  0  0  0  0  0  2  0  0  0  0  2  0  0  0  0  2  0  0  0  0  5  0  0  0  0  3
 0  0  0  0  2  0  0  0  0  2  0  0  0  0  3  0  0  0  0  2  0  0  0  0  3  0  0  0  0  3  0  0  0  0  3  0  0  0  0  3  0  0  0  0  4  0  0  0  0  1  0  0  0  0  2  0  0  0  0  0  0  0  0  0  0  0  0  0  0  3  0  0  0  0  0  0  0  0  0  5  0  0  0  0  2  0  0  0  0  1  0  0  0  0  2  0  0  0  0  1
 0  0  0  0  3  0  0  0  0  2  0  0  0  0  3  0  0  0  0  4  0  0  0  0  2  0  0  0  0  2  0  0  0  0  2  0  0  0  0  1  0  0  0  0  2  0  0  0  0  3  0  0  0  0  0  0  0  0  0  1  0  0  0  0  1  0  0  0  0  0  0  0  0  0  5  0  0  0  0  1  0  0  0  0  3  0  0  0  0  4  0  0  0  0  2  0  0  0  0  1
 0  0  0  0  0  0  0  0  0  0  0  0  0  0  1  0  0  0  0  3  0  0  0  0  8  0  0  0  0  1  0  0  0  0  4  0  0  0  0  5  0  0  0  0  3  0  0  0  0  2  0  0  0  0  0  0  0  0  0  1  0  0  0  0  2  0  0  0  0  1  0  0  0  0  3  0  0  0  0  1  0  0  0  0  2  0  0  0  0  1  0  0  0  0  1  0  0  0  0  3
 0  0  0  0  1  0  0  0  0  1  0  0  0  0  2  0  0  0  0  3  0  0  0  0  4  0  0  0  0  3  0  0  0  0  4  0  0  0  0  1  0  0  0  0  2  0  0  0  0  1  0  0  0  0  4  0  0  0  0  1  0  0  0  0  1  0  0  0  0  1  0  0  0  0  4  0  0  0  0  2  0  0  0  0  1  0  0  0  0  3  0  0  0  0  1  0  0  0  0  2
 0  0  0  0  2  0  0  0  0  5  0  0  0  0  4  0  0  0  0  3  0  0  0  0  3  0  0  0  0  0  0  0  0  0  3  0  0  0  0  4  0  0  0  0  0  0  0  0  0  3  0  0  0  0  3  0  0  0  0  1  0  0  0  0  2  0  0  0  0  1  0  0  0  0  1  0  0  0  0  2  0  0  0  0  1  0  0  0  0  1  0  0  0  0  2  0  0  0  0  1
 0  0  0  0  6  0  0  0  0  2  0  0  0  0  2  0  0  0  0  2  0  0  0  0  3  0  0  0  0  1  0  0  0  0  0  0  0  0  0  0  0  0  0  0  4  0  0  0  0  0  0  0  0  0  0  0  0  0  0  4  0  0  0  0  3  0  0  0  0  2  0  0  0  0  1  0  0  0  0  5  0  0  0  0  1  0  0  0  0  1  0  0  0  0  5  0  0  0  0  0
 0  0  0  0  1  0  0  0  0  1  0  0  0  0  2  0  0  0  0  2  0  0  0  0  2  0  0  0  0  2  0  0  0  0  2  0  0  0  0  1  0  0  0  0  5  0  0  0  0  3  0  0  0  0  3  0  0  0  0  3  0  0  0  0  3  0  0  0  0  3  0  0  0  0  3  0  0  0  0  0  0  0  0  0  0  0  0  0  0  2  0  0  0  0  2  0  0  0  0  2
 0  0  0  0  3  0  0  0  0  1  0  0  0  0  5  0  0  0  0  1  0  0  0  0  2  0  0  0  0  1  0  0  0  0  5  0  0  0  0  1  0  0  0  0  3  0  0  0  0  0  0  0  0  0  2  0  0  0  0  2  0  0  0  0  2  0  0  0  0  1  0  0  0  0  4  0  0  0  0  1  0  0  0  0  1  0  0  0  0  4  0  0  0  0  2  0  0  0  0  1
 0  0  0  0  2  0  0  0  0  0  0  0  0  0  3  0  0  0  0  1  0  0  0  0  3  0  0  0  0  2  0  0  0  0  2  0  0  0  0  2  0  0  0  0  4  0  0  0  0  2  0  0  0  0  1  0  0  0  0  2  0  0  0  0  2  0  0  0  0  1  0  0  0  0  4  0  0  0  0  1  0  0  0  0  5  0  0  0  0  4  0  0  0  0  1  0  0  0  0  0
 0  0  0  0  5  0  0  0  0  0  0  0  0  0  4  0  0  0  0  0  0  0  0  0  2  0  0  0  0  2  0  0  0  0  2  0  0  0  0  1  0  0  0  0  0  0  0  0  0  2  0  0  0  0  3  0  0  0  0  4  0  0  0  0  1  0  0  0  0  6  0  0  0  0  0  0  0  0  0  4  0  0  0  0  2  0  0  0  0  1  0  0  0  0  1  0  0  0  0  2
 0  0  0  0  2  0  0  0  0  1  0  0  0  0  2  0  0  0  0  0  0  0  0  0  1  0  0  0  0  3  0  0  0  0  1  0  0  0  0  4  0  0  0  0  3  0  0  0  0  1  0  0  0  0  5  0  0  0  0  7  0  0  0  0  2  0  0  0  0  0  0  0  0  0  1  0  0  0  0  1  0  0  0  0  2  0  0  0  0  2  0  0  0  0  2  0  0  0  0  2
 0  0  0  0  2  0  0  0  0  2  0  0  0  0  3  0  0  0  0  4  0  0  0  0  2  0  0  0  0  3  0  0  0  0  2  0  0  0  0  0  0  0  0  0  2  0  0  0  0  4  0  0  0  0  0  0  0  0  0  2  0  0  0  0  2  0  0  0  0  2  0  0  0  0  3  0  0  0  0  1  0  0  0  0  1  0  0  0  0  2  0  0  0  0  2  0  0  0  0  3
 0  0  0  0  1  0  0  0  0  3  0  0  0  0  2  0  0  0  0  2  0  0  0  0  2  0  0  0  0  2  0  0  0  0  3  0  0  0  0  2  0  0  0  0  1  0  0  0  0  0  0  0  0  0  2  0  0  0  0  4  0  0  0  0  4  0  0  0  0  4  0  0  0  0  1  0  0  0  0  2  0  0  0  0  3  0  0  0  0  1  0  0  0  0  2  0  0  0  0  1
 0  0  0  0  7  0  0  0  0  4  0  0  0  0  2  0  0  0  0  0  0  0  0  0  1  0  0  0  0  2  0  0  0  0  4  0  0  0  0  2  0  0  0  0  3  0  0  0  0  0  0  0  0  0  3  0  0  0  0  1  0  0  0  0  3  0  0  0  0  3  0  0  0  0  1  0  0  0  0  1  0  0  0  0  1  0  0  0  0  2  0  0  0  0  0  0  0  0  0  2
 0  0  0  0  3  0  0  0  0  3  0  0  0  0  3  0  0  0  0  1  0  0  0  0  1  0  0  0  0  2  0  0  0  0  2  0  0  0  0  3  0  0  0  0  1  0  0  0  0  1  0  0  0  0  0  0  0  0  0  2  0  0  0  0  2  0  0  0  0  3  0  0  0  0  2  0  0  0  0  2  0  0  0  0  3  0  0  0  0  2  0  0  0  0  4  0  0  0  0  2
 0  0  0  0  3  0  0  0  0  2  0  0  0  0  1  0  0  0  0  0  0  0  0  0  2  0  0  0  0  3  0  0  0  0  0  0  0  0  0  2  0  0  0  0  2  0  0  0  0  0  0  0  0  0  1  0  0  0  0  3  0  0  0  0  3  0  0  0  0  5  0  0  0  0  4  0  0  0  0  3  0  0  0  0  3  0  0  0  0  2  0  0  0  0  2  0  0  0  0  1
Графики сохранены: plots\freq_matrix_WR_100_Кратные_пяти.png, plots\freq_matrix_WOR_100_Кратные_пяти.png

Выборка (25 элементов) из 100 по критерию: Простые числа
[2, 3, 5, 7, 11, 13, 17, 19, 23, 29, 31, 37, 41, 43, 47, 53, 59, 61, 67, 71, 73, 79, 83, 89, 97]

Пример размещений элементов выборки:
  Размещение с возвращением: [41, 31, 23, 89, 53, 2, 13, 5, 59, 31, 79, 3, 71, 61, 61, 3, 3, 67, 7, 71]
  Размещение без возвращения: [53, 11, 61, 5, 79, 89, 59, 43, 41, 37, 73, 83, 2, 97, 67, 13, 47, 17, 71, 23]

Матрица частот с возвращением, 13 проходов:
 0  0  0  0  0  0  0  0  0  0  0  0  2  0  0  0  0  0  0  0  0  0  1  0  0  0  0  0  0  0  1  0  0  0  0  0  0  0  0  0  0  0  0  0  0  0  0  0  0  0  0  0  1  0  0  0  0  0  0  0  3  0  0  0  0  0  1  0  0  0  3  0  0  0  0  0  0  0  1  0  0  0  0  0  0  0  0  0  0  0  0  0  0  0  0  0  0  0  0  0
 0  0  2  0  1  0  1  0  0  0  0  0  2  0  0  0  0  0  0  0  0  0  3  0  0  0  0  0  0  0  0  0  0  0  0  0  0  0  0  0  0  0  0  0  0  0  0  0  0  0  0  0  2  0  0  0  0  0  0  0  0  0  0  0  0  0  1  0  0  0  0  0  0  0  0  0  0  0  0  0  0  0  0  0  0  0  0  0  1  0  0  0  0  0  0  0  0  0  0  0
 0  1  2  0  0  0  0  0  0  0  0  0  1  0  0  0  0  0  0  0  0  0  1  0  0  0  0  0  0  0  2  0  0  0  0  0  0  0  0  0  1  0  0  0  0  0  0  0  0  0  0  0  0  0  0  0  0  0  0  0  2  0  0  0  0  0  0  0  0  0  2  0  0  0  0  0  0  0  0  0  0  0  0  0  0  0  0  0  1  0  0  0  0  0  0  0  0  0  0  0
 0  0  3  0  0  0  0  0  0  0  0  0  0  0  0  0  0  0  0  0  0  0  2  0  0  0  0  0  0  0  0  0  0  0  0  0  0  0  0  0  2  0  0  0  0  0  0  0  0  0  0  0  0  0  0  0  0  0  0  0  3  0  0  0  0  0  0  0  0  0  2  0  0  0  0  0  0  0  1  0  0  0  0  0  0  0  0  0  0  0  0  0  0  0  0  0  0  0  0  0
 0  2  0  0  0  0  0  0  0  0  0  0  1  0  0  0  0  0  0  0  0  0  1  0  0  0  0  0  0  0  3  0  0  0  0  0  0  0  0  0  1  0  0  0  0  0  0  0  0  0  0  0  0  0  0  0  0  0  1  0  1  0  0  0  0  0  0  0  0  0  0  0  0  0  0  0  0  0  2  0  0  0  0  0  0  0  0  0  1  0  0  0  0  0  0  0  0  0  0  0
 0  0  0  0  1  0  1  0  0  0  0  0  3  0  0  0  0  0  0  0  0  0  1  0  0  0  0  0  0  0  0  0  0  0  0  0  0  0  0  0  0  0  0  0  0  0  0  0  0  0  0  0  0  0  0  0  0  0  2  0  0  0  0  0  0  0  2  0  0  0  3  0  0  0  0  0  0  0  0  0  0  0  0  0  0  0  0  0  0  0  0  0  0  0  0  0  0  0  0  0
 0  0  1  0  0  0  1  0  0  0  0  0  0  0  0  0  0  0  0  0  0  0  1  0  0  0  0  0  0  0  2  0  0  0  0  0  0  0  0  0  0  0  0  0  0  0  0  0  0  0  0  0  0  0  0  0  0  0  2  0  1  0  0  0  0  0  1  0  0  0  3  0  0  0  0  0  0  0  1  0  0  0  0  0  0  0  0  0  0  0  0  0  0  0  0  0  0  0  0  0
 0  1  2  0  1  0  1  0  0  0  0  0  0  0  0  0  0  0  0  0  0  0  1  0  0  0  0  0  0  0  1  0  0  0  0  0  0  0  0  0  2  0  0  0  0  0  0  0  0  0  0  0  0  0  0  0  0  0  1  0  1  0  0  0  0  0  0  0  0  0  2  0  0  0  0  0  0  0  0  0  0  0  0  0  0  0  0  0  0  0  0  0  0  0  0  0  0  0  0  0
 0  2  0  0  0  0  1  0  0  0  0  0  1  0  0  0  0  0  0  0  0  0  0  0  0  0  0  0  0  0  0  0  0  0  0  0  0  0  0  0  0  0  0  0  0  0  0  0  0  0  0  0  1  0  0  0  0  0  1  0  3  0  0  0  0  0  1  0  0  0  1  0  0  0  0  0  0  0  1  0  0  0  0  0  0  0  0  0  1  0  0  0  0  0  0  0  0  0  0  0
 0  0  1  0  1  0  1  0  0  0  0  0  0  0  0  0  0  0  0  0  0  0  0  0  0  0  0  0  0  0  2  0  0  0  0  0  0  0  0  0  1  0  0  0  0  0  0  0  0  0  0  0  2  0  0  0  0  0  0  0  1  0  0  0  0  0  2  0  0  0  0  0  0  0  0  0  0  0  1  0  0  0  0  0  0  0  0  0  1  0  0  0  0  0  0  0  0  0  0  0
 0  0  3  0  1  0  1  0  0  0  0  0  0  0  0  0  0  0  0  0  0  0  0  0  0  0  0  0  0  0  1  0  0  0  0  0  0  0  0  0  0  0  0  0  0  0  0  0  0  0  0  0  2  0  0  0  0  0  2  0  0  0  0  0  0  0  0  0  0  0  2  0  0  0  0  0  0  0  1  0  0  0  0  0  0  0  0  0  0  0  0  0  0  0  0  0  0  0  0  0
 0  0  1  0  1  0  1  0  0  0  0  0  3  0  0  0  0  0  0  0  0  0  0  0  0  0  0  0  0  0  1  0  0  0  0  0  0  0  0  0  0  0  0  0  0  0  0  0  0  0  0  0  1  0  0  0  0  0  1  0  1  0  0  0  0  0  1  0  0  0  0  0  0  0  0  0  0  0  2  0  0  0  0  0  0  0  0  0  0  0  0  0  0  0  0  0  0  0  0  0
 0  0  3  0  1  0  2  0  0  0  0  0  0  0  0  0  0  0  0  0  0  0  0  0  0  0  0  0  0  0  0  0  0  0  0  0  0  0  0  0  1  0  0  0  0  0  0  0  0  0  0  0  2  0  0  0  0  0  1  0  1  0  0  0  0  0  1  0  0  0  0  0  0  0  0  0  0  0  0  0  0  0  0  0  0  0  0  0  1  0  0  0  0  0  0  0  0  0  0  0
 0  0  1  0  1  0  0  0  0  0  0  0  0  0  0  0  0  0  0  0  0  0  1  0  0  0  0  0  0  0  2  0  0  0  0  0  0  0  0  0  0  0  0  0  0  0  0  0  0  0  0  0  1  0  0  0  0  0  0  0  4  0  0  0  0  0  0  0  0  0  1  0  0  0  0  0  0  0  2  0  0  0  0  0  0  0  0  0  0  0  0  0  0  0  0  0  0  0  0  0
 0  0  2  0  0  0  1  0  0  0  0  0  0  0  0  0  0  0  0  0  0  0  1  0  0  0  0  0  0  0  2  0  0  0  0  0  0  0  0  0  0  0  0  0  0  0  0  0  0  0  0  0  1  0  0  0  0  0  1  0  4  0  0  0  0  0  0  0  0  0  1  0  0  0  0  0  0  0  0  0  0  0  0  0  0  0  0  0  0  0  0  0  0  0  0  0  0  0  0  0
 0  1  0  0  1  0  1  0  0  0  0  0  1  0  0  0  0  0  0  0  0  0  0  0  0  0  0  0  0  0  1  0  0  0  0  0  0  0  0  0  2  0  0  0  0  0  0  0  0  0  0  0  0  0  0  0  0  0  1  0  0  0  0  0  0  0  1  0  0  0  2  0  0  0  0  0  0  0  0  0  0  0  0  0  0  0  0  0  2  0  0  0  0  0  0  0  0  0  0  0
 0  1  2  0  0  0  0  0  0  0  0  0  1  0  0  0  0  0  0  0  0  0  2  0  0  0  0  0  0  0  1  0  0  0  0  0  0  0  0  0  2  0  0  0  0  0  0  0  0  0  0  0  0  0  0  0  0  0  0  0  2  0  0  0  0  0  0  0  0  0  2  0  0  0  0  0  0  0  0  0  0  0  0  0  0  0  0  0  0  0  0  0  0  0  0  0  0  0  0  0
 0  2  1  0  1  0  0  0  0  0  0  0  0  0  0  0  0  0  0  0  0  0  1  0  0  0  0  0  0  0  2  0  0  0  0  0  0  0  0  0  1  0  0  0  0  0  0  0  0  0  0  0  0  0  0  0  0  0  0  0  2  0  0  0  0  0  2  0  0  0  1  0  0  0  0  0  0  0  0  0  0  0  0  0  0  0  0  0  0  0  0  0  0  0  0  0  0  0  0  0
 0  0  2  0  0  0  2  0  0  0  0  0  1  0  0  0  0  0  0  0  0  0  0  0  0  0  0  0  0  0  1  0  0  0  0  0  0  0  0  0  1  0  0  0  0  0  0  0  0  0  0  0  0  0  0  0  0  0  0  0  4  0  0  0  0  0  0  0  0  0  2  0  0  0  0  0  0  0  0  0  0  0  0  0  0  0  0  0  0  0  0  0  0  0  0  0  0  0  0  0
 0  0  1  0  1  0  1  0  0  0  0  0  1  0  0  0  0  0  0  0  0  0  1  0  0  0  0  0  0  0  2  0  0  0  0  0  0  0  0  0  0  0  0  0  0  0  0  0  0  0  0  0  0  0  0  0  0  0  1  0  2  0  0  0  0  0  2  0  0  0  1  0  0  0  0  0  0  0  0  0  0  0  0  0  0  0  0  0  0  0  0  0  0  0  0  0  0  0  0  0

Матрица частот без возвращения, 42 прохода:
 0  2  0  0  1  0  0  0  0  0  3  0  1  0  0  0  1  0  0  0  0  0  1  0  0  0  0  0  0  0  0  0  0  0  0  0  2  0  0  0  1  0  4  0  0  0  1  0  0  0  0  0  1  0  0  0  0  0  4  0  4  0  0  0  0  0  2  0  0  0  2  0  2  0  0  0  0  0  3  0  0  0  2  0  0  0  0  0  2  0  0  0  0  0  0  0  3  0  0  0
 0  3  0  0  2  0  0  0  0  0  2  0  2  0  0  0  3  0  0  0  0  0  5  0  0  0  0  0  0  0  0  0  0  0  0  0  0  0  0  0  2  0  4  0  0  0  1  0  0  0  0  0  1  0  0  0  0  0  5  0  3  0  0  0  0  0  1  0  0  0  2  0  2  0  0  0  0  0  1  0  0  0  2  0  0  0  0  0  0  0  0  0  0  0  0  0  1  0  0  0
 0  0  0  0  2  0  0  0  0  0  1  0  1  0  0  0  4  0  0  0  0  0  5  0  0  0  0  0  0  0  0  0  0  0  0  0  0  0  0  0  1  0  1  0  0  0  5  0  0  0  0  0  0  0  0  0  0  0  0  0  1  0  0  0  0  0  4  0  0  0  3  0  4  0  0  0  0  0  4  0  0  0  1  0  0  0  0  0  3  0  0  0  0  0  0  0  2  0  0  0
 0  1  0  0  5  0  0  0  0  0  2  0  0  0  0  0  3  0  0  0  0  0  0  0  0  0  0  0  0  0  0  0  0  0  0  0  2  0  0  0  3  0  6  0  0  0  2  0  0  0  0  0  1  0  0  0  0  0  3  0  3  0  0  0  0  0  3  0  0  0  3  0  2  0  0  0  0  0  0  0  0  0  1  0  0  0  0  0  1  0  0  0  0  0  0  0  1  0  0  0
 0  2  0  0  2  0  0  0  0  0  3  0  2  0  0  0  4  0  0  0  0  0  1  0  0  0  0  0  0  0  0  0  0  0  0  0  2  0  0  0  3  0  2  0  0  0  2  0  0  0  0  0  2  0  0  0  0  0  0  0  5  0  0  0  0  0  1  0  0  0  4  0  1  0  0  0  0  0  3  0  0  0  2  0  0  0  0  0  1  0  0  0  0  0  0  0  0  0  0  0
 0  3  0  0  1  0  0  0  0  0  2  0  2  0  0  0  1  0  0  0  0  0  1  0  0  0  0  0  0  0  0  0  0  0  0  0  2  0  0  0  0  0  5  0  0  0  2  0  0  0  0  0  1  0  0  0  0  0  3  0  4  0  0  0  0  0  3  0  0  0  3  0  1  0  0  0  0  0  2  0  0  0  2  0  0  0  0  0  0  0  0  0  0  0  0  0  4  0  0  0
 0  1  0  0  2  0  0  0  0  0  3  0  2  0  0  0  2  0  0  0  0  0  4  0  0  0  0  0  0  0  0  0  0  0  0  0  4  0  0  0  2  0  2  0  0  0  0  0  0  0  0  0  3  0  0  0  0  0  2  0  2  0  0  0  0  0  1  0  0  0  0  0  2  0  0  0  0  0  1  0  0  0  1  0  0  0  0  0  5  0  0  0  0  0  0  0  3  0  0  0
 0  4  0  0  1  0  0  0  0  0  2  0  1  0  0  0  1  0  0  0  0  0  2  0  0  0  0  0  0  0  0  0  0  0  0  0  4  0  0  0  4  0  1  0  0  0  1  0  0  0  0  0  1  0  0  0  0  0  0  0  2  0  0  0  0  0  1  0  0  0  4  0  3  0  0  0  0  0  2  0  0  0  4  0  0  0  0  0  2  0  0  0  0  0  0  0  2  0  0  0
 0  3  0  0  0  0  0  0  0  0  4  0  1  0  0  0  3  0  0  0  0  0  4  0  0  0  0  0  0  0  0  0  0  0  0  0  1  0  0  0  1  0  2  0  0  0  0  0  0  0  0  0  2  0  0  0  0  0  1  0  2  0  0  0  0  0  3  0  0  0  1  0  3  0  0  0  0  0  6  0  0  0  0  0  0  0  0  0  2  0  0  0  0  0  0  0  3  0  0  0
 0  5  0  0  3  0  0  0  0  0  3  0  2  0  0  0  1  0  0  0  0  0  0  0  0  0  0  0  0  0  0  0  0  0  0  0  3  0  0  0  3  0  1  0  0  0  1  0  0  0  0  0  1  0  0  0  0  0  2  0  4  0  0  0  0  0  4  0  0  0  2  0  0  0  0  0  0  0  3  0  0  0  2  0  0  0  0  0  1  0  0  0  0  0  0  0  1  0  0  0
 0  4  0  0  1  0  0  0  0  0  2  0  1  0  0  0  2  0  0  0  0  0  3  0  0  0  0  0  0  0  0  0  0  0  0  0  2  0  0  0  0  0  3  0  0  0  3  0  0  0  0  0  3  0  0  0  0  0  3  0  2  0  0  0  0  0  0  0  0  0  2  0  1  0  0  0  0  0  3  0  0  0  2  0  0  0  0  0  3  0  0  0  0  0  0  0  2  0  0  0
 0  2  0  0  0  0  0  0  0  0  2  0  3  0  0  0  3  0  0  0  0  0  1  0  0  0  0  0  0  0  0  0  0  0  0  0  2  0  0  0  1  0  4  0  0  0  0  0  0  0  0  0  3  0  0  0  0  0  3  0  1  0  0  0  0  0  3  0  0  0  3  0  2  0  0  0  0  0  1  0  0  0  2  0  0  0  0  0  4  0  0  0  0  0  0  0  2  0  0  0
 0  3  0  0  2  0  0  0  0  0  1  0  3  0  0  0  3  0  0  0  0  0  1  0  0  0  0  0  0  0  0  0  0  0  0  0  5  0  0  0  3  0  2  0  0  0  1  0  0  0  0  0  1  0  0  0  0  0  2  0  2  0  0  0  0  0  0  0  0  0  0  0  3  0  0  0  0  0  1  0  0  0  3  0  0  0  0  0  2  0  0  0  0  0  0  0  4  0  0  0
 0  1  0  0  1  0  0  0  0  0  1  0  0  0  0  0  3  0  0  0  0  0  2  0  0  0  0  0  0  0  0  0  0  0  0  0  2  0  0  0  3  0  4  0  0  0  2  0  0  0  0  0  1  0  0  0  0  0  2  0  4  0  0  0  0  0  5  0  0  0  1  0  2  0  0  0  0  0  3  0  0  0  2  0  0  0  0  0  0  0  0  0  0  0  0  0  3  0  0  0
 0  1  0  0  1  0  0  0  0  0  1  0  1  0  0  0  5  0  0  0  0  0  1  0  0  0  0  0  0  0  0  0  0  0  0  0  5  0  0  0  3  0  4  0  0  0  0  0  0  0  0  0  2  0  0  0  0  0  0  0  3  0  0  0  0  0  2  0  0  0  3  0  2  0  0  0  0  0  1  0  0  0  3  0  0  0  0  0  2  0  0  0  0  0  0  0  2  0  0  0
 0  3  0  0  1  0  0  0  0  0  3  0  1  0  0  0  3  0  0  0  0  0  2  0  0  0  0  0  0  0  0  0  0  0  0  0  2  0  0  0  1  0  3  0  0  0  4  0  0  0  0  0  3  0  0  0  0  0  2  0  0  0  0  0  0  0  2  0  0  0  3  0  0  0  0  0  0  0  4  0  0  0  2  0  0  0  0  0  2  0  0  0  0  0  0  0  1  0  0  0
 0  2  0  0  0  0  0  0  0  0  3  0  3  0  0  0  4  0  0  0  0  0  2  0  0  0  0  0  0  0  0  0  0  0  0  0  0  0  0  0  2  0  2  0  0  0  1  0  0  0  0  0  1  0  0  0  0  0  4  0  2  0  0  0  0  0  1  0  0  0  3  0  1  0  0  0  0  0  3  0  0  0  2  0  0  0  0  0  3  0  0  0  0  0  0  0  3  0  0  0
 0  5  0  0  1  0  0  0  0  0  5  0  1  0  0  0  3  0  0  0  0  0  3  0  0  0  0  0  0  0  0  0  0  0  0  0  4  0  0  0  0  0  4  0  0  0  1  0  0  0  0  0  4  0  0  0  0  0  1  0  1  0  0  0  0  0  2  0  0  0  1  0  0  0  0  0  0  0  0  0  0  0  4  0  0  0  0  0  1  0  0  0  0  0  0  0  1  0  0  0
 0  1  0  0  3  0  0  0  0  0  1  0  3  0  0  0  3  0  0  0  0  0  4  0  0  0  0  0  0  0  0  0  0  0  0  0  1  0  0  0  1  0  1  0  0  0  2  0  0  0  0  0  1  0  0  0  0  0  2  0  4  0  0  0  0  0  3  0  0  0  3  0  2  0  0  0  0  0  3  0  0  0  3  0  0  0  0  0  0  0  0  0  0  0  0  0  1  0  0  0
 0  0  0  0  3  0  0  0  0  0  3  0  1  0  0  0  1  0  0  0  0  0  2  0  0  0  0  0  0  0  0  0  0  0  0  0  0  0  0  0  1  0  1  0  0  0  4  0  0  0  0  0  0  0  0  0  0  0  4  0  3  0  0  0  0  0  5  0  0  0  1  0  2  0  0  0  0  0  3  0  0  0  2  0  0  0  0  0  5  0  0  0  0  0  0  0  1  0  0  0
Графики сохранены: plots\freq_matrix_WR_100_Простые_числа.png, plots\freq_matrix_WOR_100_Простые_числа.png

Выборка (45 элементов) из 100 по критерию: Случайная выборка
[2, 4, 5, 6, 9, 10, 14, 19, 23, 24, 28, 29, 30, 31, 33, 39, 41, 44, 47, 48, 50, 51, 53, 57, 58, 59, 61, 62, 65, 70, 71, 72, 73, 76, 77, 78, 80, 81, 82, 86, 88, 91, 93, 95, 100]

Пример размещений элементов выборки:
  Размещение с возвращением: [44, 28, 72, 28, 71, 50, 28, 95, 51, 91, 73, 100, 28, 39, 53, 10, 91, 6, 93, 4]
  Размещение без возвращения: [39, 58, 100, 81, 48, 14, 53, 88, 51, 80, 33, 6, 86, 31, 41, 47, 28, 91, 50, 19]

Матрица частот с возвращением, 13 проходов:
 0  0  0  1  0  1  0  0  0  1  0  0  0  0  0  0  0  0  0  0  0  0  0  0  0  0  0  2  0  0  0  0  0  0  0  0  0  0  2  0  0  0  0  0  0  0  0  0  0  1  0  0  1  0  0  0  0  0  0  0  0  0  0  0  0  0  0  0  0  0  0  0  1  0  0  0  0  0  0  0  0  0  0  0  0  0  0  0  0  0  1  0  0  0  2  0  0  0  0  0
 0  0  0  1  0  0  0  0  0  2  0  0  0  0  0  0  0  0  0  0  0  0  0  0  0  0  0  3  0  0  0  0  0  0  0  0  0  0  0  0  0  0  0  0  0  0  0  0  0  1  1  0  0  0  0  0  0  0  0  0  0  0  0  0  0  0  0  0  0  0  1  1  2  0  0  0  0  0  0  0  0  0  0  0  0  0  0  0  0  0  0  0  0  0  1  0  0  0  0  0
 0  0  0  1  0  2  0  0  0  1  0  0  0  0  0  0  0  0  0  0  0  0  0  0  0  0  0  2  0  0  0  0  0  0  0  0  0  0  0  0  0  0  0  1  0  0  0  0  0  0  1  0  0  0  0  0  0  0  0  0  0  0  0  0  0  0  0  0  0  0  1  0  1  0  0  0  0  0  0  0  0  0  0  0  0  0  0  0  0  0  1  0  1  0  1  0  0  0  0  0
 0  0  0  0  0  1  0  0  0  1  0  0  0  0  0  0  0  0  0  0  0  0  0  0  0  0  0  3  0  0  0  0  0  0  0  0  0  0  1  0  0  0  0  1  0  0  0  0  0  0  1  0  2  0  0  0  0  0  0  0  0  0  0  0  0  0  0  0  0  0  0  1  0  0  0  0  0  0  0  0  0  0  0  0  0  0  0  0  0  0  1  0  0  0  1  0  0  0  0  0
 0  0  0  2  0  1  0  0  0  1  0  0  0  0  0  0  0  0  0  0  0  0  0  0  0  0  0  1  0  0  0  0  0  0  0  0  0  0  1  0  0  0  0  1  0  0  0  0  0  1  0  0  0  0  0  0  0  0  0  0  0  0  0  0  0  0  0  0  0  0  0  0  2  0  0  0  0  0  0  0  0  0  0  0  0  0  0  0  0  0  0  0  0  0  1  0  0  0  0  2
 0  0  0  1  0  1  0  0  0  0  0  0  0  0  0  0  0  0  0  0  0  0  0  0  0  0  0  3  0  0  0  0  0  0  0  0  0  0  0  0  0  0  0  0  0  0  0  0  0  3  0  0  0  0  0  0  0  0  0  0  0  0  0  0  0  0  0  0  0  0  1  0  1  0  0  0  0  0  0  0  0  0  0  0  0  0  0  0  0  0  1  0  0  0  1  0  0  0  0  1
 0  0  0  1  0  0  0  0  0  0  0  0  0  0  0  0  0  0  0  0  0  0  0  0  0  0  0  4  0  0  0  0  0  0  0  0  0  0  1  0  0  0  0  0  0  0  0  0  0  0  0  0  2  0  0  0  0  0  0  0  0  0  0  0  0  0  0  0  0  0  0  0  0  0  0  0  0  0  0  0  0  0  0  0  0  0  0  0  0  0  1  0  0  0  2  0  0  0  0  2
 0  0  0  0  0  0  0  0  0  0  0  0  0  0  0  0  0  0  0  0  0  0  0  0  0  0  0  1  0  0  0  0  0  0  0  0  0  0  0  0  0  0  0  2  0  0  0  0  0  1  0  0  3  0  0  0  0  0  0  0  0  0  0  0  0  0  0  0  0  0  0  2  1  0  0  0  0  0  0  0  0  0  0  0  0  0  0  0  0  0  2  0  0  0  0  0  0  0  0  1
 0  0  0  1  0  2  0  0  0  1  0  0  0  0  0  0  0  0  0  0  0  0  0  0  0  0  0  2  0  0  0  0  0  0  0  0  0  0  1  0  0  0  0  0  0  0  0  0  0  0  0  0  2  0  0  0  0  0  0  0  0  0  0  0  0  0  0  0  0  0  0  2  2  0  0  0  0  0  0  0  0  0  0  0  0  0  0  0  0  0  0  0  0  0  0  0  0  0  0  0
 0  0  0  0  0  1  0  0  0  0  0  0  0  0  0  0  0  0  0  0  0  0  0  0  0  0  0  3  0  0  0  0  0  0  0  0  0  0  1  0  0  0  0  1  0  0  0  0  0  0  1  0  0  0  0  0  0  0  0  0  0  0  0  0  0  0  0  0  0  0  0  1  0  0  0  0  0  0  0  0  0  0  0  0  0  0  0  0  0  0  3  0  2  0  0  0  0  0  0  0
 0  0  0  0  0  2  0  0  0  1  0  0  0  0  0  0  0  0  0  0  0  0  0  0  0  0  0  4  0  0  0  0  0  0  0  0  0  0  0  0  0  0  0  0  0  0  0  0  0  1  0  0  3  0  0  0  0  0  0  0  0  0  0  0  0  0  0  0  0  0  0  0  1  0  0  0  0  0  0  0  0  0  0  0  0  0  0  0  0  0  0  0  1  0  0  0  0  0  0  0
 0  0  0  0  0  1  0  0  0  0  0  0  0  0  0  0  0  0  0  0  0  0  0  0  0  0  0  3  0  0  0  0  0  0  0  0  0  0  0  0  0  0  0  1  0  0  0  0  0  2  1  0  2  0  0  0  0  0  0  0  0  0  0  0  0  0  0  0  0  0  0  2  0  0  0  0  0  0  0  0  0  0  0  0  0  0  0  0  0  0  0  0  0  0  0  0  0  0  0  1
 0  0  0  0  0  0  0  0  0  0  0  0  0  0  0  0  0  0  0  0  0  0  0  0  0  0  0  4  0  0  0  0  0  0  0  0  0  0  1  0  0  0  0  0  0  0  0  0  0  0  0  0  0  0  0  0  0  0  0  0  0  0  0  0  0  0  0  0  0  0  1  0  2  0  0  0  0  0  0  0  0  0  0  0  0  0  0  0  0  0  2  0  1  0  0  0  0  0  0  2
 0  0  0  1  0  1  0  0  0  1  0  0  0  0  0  0  0  0  0  0  0  0  0  0  0  0  0  1  0  0  0  0  0  0  0  0  0  0  2  0  0  0  0  0  0  0  0  0  0  0  1  0  0  0  0  0  0  0  0  0  0  0  0  0  0  0  0  0  0  0  0  3  2  0  0  0  0  0  0  0  0  0  0  0  0  0  0  0  0  0  1  0  0  0  0  0  0  0  0  0
 0  0  0  0  0  1  0  0  0  1  0  0  0  0  0  0  0  0  0  0  0  0  0  0  0  0  0  3  0  0  0  0  0  0  0  0  0  0  1  0  0  0  0  2  0  0  0  0  0  1  1  0  0  0  0  0  0  0  0  0  0  0  0  0  0  0  0  0  0  0  1  0  0  0  0  0  0  0  0  0  0  0  0  0  0  0  0  0  0  0  1  0  0  0  1  0  0  0  0  0
 0  0  0  1  0  1  0  0  0  0  0  0  0  0  0  0  0  0  0  0  0  0  0  0  0  0  0  4  0  0  0  0  0  0  0  0  0  0  0  0  0  0  0  0  0  0  0  0  0  0  1  0  1  0  0  0  0  0  0  0  0  0  0  0  0  0  0  0  0  0  1  1  0  0  0  0  0  0  0  0  0  0  0  0  0  0  0  0  0  0  0  0  1  0  1  0  0  0  0  1
 0  0  0  0  0  0  0  0  0  0  0  0  0  0  0  0  0  0  0  0  0  0  0  0  0  0  0  3  0  0  0  0  0  0  0  0  0  0  0  0  0  0  0  2  0  0  0  0  0  1  0  0  2  0  0  0  0  0  0  0  0  0  0  0  0  0  0  0  0  0  0  2  0  0  0  0  0  0  0  0  0  0  0  0  0  0  0  0  0  0  2  0  0  0  1  0  0  0  0  0
 0  0  0  0  0  1  0  0  0  0  0  0  0  0  0  0  0  0  0  0  0  0  0  0  0  0  0  2  0  0  0  0  0  0  0  0  0  0  2  0  0  0  0  0  0  0  0  0  0  0  0  0  0  0  0  0  0  0  0  0  0  0  0  0  0  0  0  0  0  0  1  2  1  0  0  0  0  0  0  0  0  0  0  0  0  0  0  0  0  0  2  0  0  0  0  0  0  0  0  2
 0  0  0  0  0  1  0  0  0  1  0  0  0  0  0  0  0  0  0  0  0  0  0  0  0  0  0  1  0  0  0  0  0  0  0  0  0  0  2  0  0  0  0  1  0  0  0  0  0  0  1  0  0  0  0  0  0  0  0  0  0  0  0  0  0  0  0  0  0  0  1  2  0  0  0  0  0  0  0  0  0  0  0  0  0  0  0  0  0  0  3  0  0  0  0  0  0  0  0  0
 0  0  0  2  0  0  0  0  0  0  0  0  0  0  0  0  0  0  0  0  0  0  0  0  0  0  0  3  0  0  0  0  0  0  0  0  0  0  0  0  0  0  0  0  0  0  0  0  0  2  0  0  2  0  0  0  0  0  0  0  0  0  0  0  0  0  0  0  0  0  0  1  0  0  0  0  0  0  0  0  0  0  0  0  0  0  0  0  0  0  3  0  0  0  0  0  0  0  0  0

Матрица частот без возвращения, 42 прохода:
 0  0  0  0  0  2  0  0  0  0  0  0  0  1  0  0  0  0  3  0  0  0  0  0  0  0  0  2  0  0  2  0  0  0  0  0  0  0  2  0  4  0  0  0  0  0  2  3  0  2  3  0  2  0  0  0  0  1  0  0  0  0  0  0  0  0  0  0  0  0  0  0  0  0  0  0  0  0  0  2  3  0  0  0  0  1  0  2  0  0  1  0  0  0  0  0  0  0  0  4
 0  0  0  0  0  2  0  0  0  0  0  0  0  2  0  0  0  0  2  0  0  0  0  0  0  0  0  1  0  0  5  0  2  0  0  0  0  0  3  0  2  0  0  0  0  0  0  2  0  3  2  0  2  0  0  0  0  2  0  0  0  0  0  0  0  0  0  0  0  0  0  0  0  0  0  0  0  0  0  5  1  0  0  0  0  1  0  0  0  0  4  0  0  0  0  0  0  0  0  1
 0  0  0  0  0  4  0  0  0  0  0  0  0  4  0  0  0  0  2  0  0  0  0  0  0  0  0  3  0  0  5  0  3  0  0  0  0  0  2  0  1  0  0  0  0  0  1  2  0  0  0  0  2  0  0  0  0  1  0  0  0  0  0  0  0  0  0  0  0  0  0  0  0  0  0  0  0  0  0  1  2  0  0  0  0  1  0  1  0  0  3  0  0  0  0  0  0  0  0  4
 0  0  0  0  0  0  0  0  0  0  0  0  0  1  0  0  0  0  1  0  0  0  0  0  0  0  0  3  0  0  2  0  2  0  0  0  0  0  3  0  2  0  0  0  0  0  2  4  0  5  2  0  2  0  0  0  0  0  0  0  0  0  0  0  0  0  0  0  0  0  0  0  0  0  0  0  0  0  0  3  2  0  0  0  0  3  0  1  0  0  2  0  0  0  0  0  0  0  0  2
 0  0  0  0  0  3  0  0  0  0  0  0  0  2  0  0  0  0  2  0  0  0  0  0  0  0  0  2  0  0  2  0  2  0  0  0  0  0  3  0  0  0  0  0  0  0  1  2  0  3  2  0  5  0  0  0  0  3  0  0  0  0  0  0  0  0  0  0  0  0  0  0  0  0  0  0  0  0  0  3  1  0  0  0  0  2  0  2  0  0  2  0  0  0  0  0  0  0  0  0
 0  0  0  0  0  2  0  0  0  0  0  0  0  2  0  0  0  0  1  0  0  0  0  0  0  0  0  0  0  0  4  0  3  0  0  0  0  0  0  0  1  0  0  0  0  0  1  5  0  3  3  0  2  0  0  0  0  1  0  0  0  0  0  0  0  0  0  0  0  0  0  0  0  0  0  0  0  0  0  1  5  0  0  0  0  0  0  2  0  0  0  0  0  0  0  0  0  0  0  6
 0  0  0  0  0  2  0  0  0  0  0  0  0  1  0  0  0  0  1  0  0  0  0  0  0  0  0  2  0  0  2  0  1  0  0  0  0  0  0  0  5  0  0  0  0  0  3  2  0  2  4  0  2  0  0  0  0  0  0  0  0  0  0  0  0  0  0  0  0  0  0  0  0  0  0  0  0  0  0  3  1  0  0  0  0  3  0  3  0  0  2  0  0  0  0  0  0  0  0  3
 0  0  0  0  0  3  0  0  0  0  0  0  0  4  0  0  0  0  2  0  0  0  0  0  0  0  0  5  0  0  1  0  1  0  0  0  0  0  0  0  2  0  0  0  0  0  1  1  0  0  4  0  2  0  0  0  0  2  0  0  0  0  0  0  0  0  0  0  0  0  0  0  0  0  0  0  0  0  0  2  1  0  0  0  0  1  0  1  0  0  6  0  0  0  0  0  0  0  0  3
 0  0  0  0  0  2  0  0  0  0  0  0  0  0  0  0  0  0  6  0  0  0  0  0  0  0  0  3  0  0  1  0  2  0  0  0  0  0  4  0  1  0  0  0  0  0  1  2  0  2  1  0  1  0  0  0  0  4  0  0  0  0  0  0  0  0  0  0  0  0  0  0  0  0  0  0  0  0  0  3  2  0  0  0  0  1  0  0  0  0  2  0  0  0  0  0  0  0  0  4
 0  0  0  0  0  1  0  0  0  0  0  0  0  1  0  0  0  0  1  0  0  0  0  0  0  0  0  2  0  0  7  0  2  0  0  0  0  0  1  0  2  0  0  0  0  0  3  2  0  2  1  0  3  0  0  0  0  2  0  0  0  0  0  0  0  0  0  0  0  0  0  0  0  0  0  0  0  0  0  3  1  0  0  0  0  2  0  1  0  0  4  0  0  0  0  0  0  0  0  1
 0  0  0  0  0  1  0  0  0  0  0  0  0  4  0  0  0  0  2  0  0  0  0  0  0  0  0  2  0  0  2  0  1  0  0  0  0  0  2  0  0  0  0  0  0  0  4  2  0  2  2  0  1  0  0  0  0  1  0  0  0  0  0  0  0  0  0  0  0  0  0  0  0  0  0  0  0  0  0  2  2  0  0  0  0  3  0  1  0  0  3  0  0  0  0  0  0  0  0  5
 0  0  0  0  0  5  0  0  0  0  0  0  0  2  0  0  0  0  0  0  0  0  0  0  0  0  0  2  0  0  3  0  2  0  0  0  0  0  0  0  1  0  0  0  0  0  1  3  0  1  3  0  1  0  0  0  0  0  0  0  0  0  0  0  0  0  0  0  0  0  0  0  0  0  0  0  0  0  0  4  5  0  0  0  0  2  0  4  0  0  1  0  0  0  0  0  0  0  0  2
 0  0  0  0  0  5  0  0  0  0  0  0  0  1  0  0  0  0  6  0  0  0  0  0  0  0  0  1  0  0  2  0  1  0  0  0  0  0  0  0  2  0  0  0  0  0  0  1  0  1  2  0  0  0  0  0  0  2  0  0  0  0  0  0  0  0  0  0  0  0  0  0  0  0  0  0  0  0  0  4  3  0  0  0  0  1  0  3  0  0  3  0  0  0  0  0  0  0  0  4
 0  0  0  0  0  1  0  0  0  0  0  0  0  3  0  0  0  0  4  0  0  0  0  0  0  0  0  3  0  0  5  0  0  0  0  0  0  0  3  0  2  0  0  0  0  0  1  1  0  2  3  0  2  0  0  0  0  2  0  0  0  0  0  0  0  0  0  0  0  0  0  0  0  0  0  0  0  0  0  1  2  0  0  0  0  2  0  1  0  0  4  0  0  0  0  0  0  0  0  0
 0  0  0  0  0  2  0  0  0  0  0  0  0  1  0  0  0  0  2  0  0  0  0  0  0  0  0  3  0  0  3  0  1  0  0  0  0  0  4  0  5  0  0  0  0  0  3  1  0  0  3  0  3  0  0  0  0  1  0  0  0  0  0  0  0  0  0  0  0  0  0  0  0  0  0  0  0  0  0  3  1  0  0  0  0  1  0  1  0  0  2  0  0  0  0  0  0  0  0  2
 0  0  0  0  0  1  0  0  0  0  0  0  0  1  0  0  0  0  2  0  0  0  0  0  0  0  0  2  0  0  3  0  1  0  0  0  0  0  2  0  5  0  0  0  0  0  1  2  0  0  2  0  1  0  0  0  0  4  0  0  0  0  0  0  0  0  0  0  0  0  0  0  0  0  0  0  0  0  0  0  2  0  0  0  0  5  0  5  0  0  1  0  0  0  0  0  0  0  0  2
 0  0  0  0  0  2  0  0  0  0  0  0  0  3  0  0  0  0  1  0  0  0  0  0  0  0  0  2  0  0  3  0  1  0  0  0  0  0  0  0  3  0  0  0  0  0  4  2  0  2  3  0  3  0  0  0  0  2  0  0  0  0  0  0  0  0  0  0  0  0  0  0  0  0  0  0  0  0  0  3  1  0  0  0  0  3  0  0  0  0  1  0  0  0  0  0  0  0  0  3
 0  0  0  0  0  3  0  0  0  0  0  0  0  3  0  0  0  0  4  0  0  0  0  0  0  0  0  1  0  0  2  0  0  0  0  0  0  0  2  0  0  0  0  0  0  0  1  3  0  2  4  0  0  0  0  0  0  3  0  0  0  0  0  0  0  0  0  0  0  0  0  0  0  0  0  0  0  0  0  4  2  0  0  0  0  1  0  2  0  0  2  0  0  0  0  0  0  0  0  3
 0  0  0  0  0  1  0  0  0  0  0  0  0  1  0  0  0  0  1  0  0  0  0  0  0  0  0  3  0  0  1  0  5  0  0  0  0  0  1  0  1  0  0  0  0  0  3  2  0  1  1  0  3  0  0  0  0  4  0  0  0  0  0  0  0  0  0  0  0  0  0  0  0  0  0  0  0  0  0  2  0  0  0  0  0  4  0  1  0  0  2  0  0  0  0  0  0  0  0  5
 0  0  0  0  0  3  0  0  0  0  0  0  0  0  0  0  0  0  3  0  0  0  0  0  0  0  0  5  0  0  2  0  1  0  0  0  0  0  1  0  2  0  0  0  0  0  5  1  0  4  1  0  1  0  0  0  0  0  0  0  0  0  0  0  0  0  0  0  0  0  0  0  0  0  0  0  0  0  0  2  2  0  0  0  0  2  0  4  0  0  2  0  0  0  0  0  0  0  0  1
Графики сохранены: plots\freq_matrix_WR_100_Случайная_выборка.png, plots\freq_matrix_WOR_100_Случайная_выборка.png
