Проверка P1:
Сумма по строкам: [1.0, 1.0, 1.0]
Сумма по столбцам: [1.0, 1.0, 1.0]
Проверка P2:
Сумма по строкам: [1.0, 1.0, 1.0]
Сумма по столбцам: [1.0, 1.0, 1.0]

Матрица P1:
[[0.8 0.1 0.1]
 [0.1 0.8 0.1]
 [0.1 0.1 0.8]]
Сгенерированные значения: [0.10940915830976777, 0.30935670840951174, 0.038713570138890985, 0.012811455430245743, 0.2155349363227671, 0.0036007760291332535, 0.42017041569253855, 0.04604024738193646, 0.08427895387013175, 0.13212214326820335, 0.22197323361920865, 0.08021189730802905, 0.14236105457211534, 0.05124418171179484, 0.21044411774400948, 0.21936904478112912, 0.014563292881586809, 0.793934946240117, 0.08440497264173662, 0.2706649666649062, 0.02940069044449198, 0.006949700155679851, 0.06934537851160325, 0.08682533898558624, 0.1853689887349571, 0.822760427635355, 0.6605066150901189, 0.21364093087906988, 0.020553980789171797, 0.00961296437868922, 0.11480309582978976, 0.4150101749534347, 0.07650476660353711, 0.034531259304263484, 0.016972621414490918, 0.3477519188622604, 0.0, 0.2882054059634546, 0.34674466378642355, 0.10342227139660266, 0.4678523902535486, 0.0934956757824928, 0.08657566779139815, 0.3072640080429173, 0.5135577956449184, 0.02874483563121979, 0.3361697486994986, 0.34643215713101433, 0.17320785519049645, 0.00476828021742216, 0.006227737087030021, 0.08773370928996868, 0.5605115854288004, 0.12333245452325957, 0.059990034871472635, 0.07941557585847299, 0.6250826799908707, 0.2354504832406649, 0.382784402013113, 0.5250150323677152, 0.38735662156355477, 0.08899217529778407, 0.05972616536727909, 0.4006824304980585, 0.00033950429499511657, 0.12616160334347634, 0.02881750236755471, 0.6741970030558334, 0.17126706626358454, 0.10532903732451042, 0.7730264911091334, 0.16093474779729047, 0.07778985255597137, 0.22058623266972652, 0.011162833995778403, 0.5623035925133433, 0.035624267123849834, 1.0, 0.2617949049250613, 0.0627098689186705, 0.10687399449654372, 0.2355315583032103, 0.02101964082511682, 0.08995468035155899, 0.008515357590208427, 0.2657342055489911, 0.1680059543989508, 0.2431489979032266, 0.27572849543349676, 0.6499484916716439, 0.09710866016977444, 0.6088600314521098, 0.06907867876028843, 0.3996571492786291, 0.1766526052022117, 0.021750319599018485, 0.5429367099088905, 0.09638059021517535, 0.30410006900418407, 0.51329370619806]
Переходы: [0, 2, 2, 1, 1, 1, 2, 2, 1, 1, 1, 1, 1, 1, 1, 0, 0, 2, 2, 0, 0, 0, 2, 2, 2, 1, 1, 1, 2, 1, 1, 1, 1, 1, 1, 2, 1, 1, 1, 0, 0, 0, 0, 0, 0, 0, 0, 0, 0, 0, 0, 0, 0, 0, 0, 0, 0, 1, 1, 1, 1, 1, 1, 1, 1, 1, 1, 1, 1, 1, 2, 2, 2, 0, 0, 0, 0, 0, 0, 0, 0, 0, 0, 1, 1, 1, 0, 0, 0, 0, 0, 0, 1, 1, 1, 1, 1, 1, 1, 1, 1]
Частоты состояний: [0.39603960396039606, 0.46534653465346537, 0.13861386138613863]

Матрица P2:
[[0.2 0.4 0.4]
 [0.4 0.2 0.4]
 [0.4 0.4 0.2]]
Сгенерированные значения: [0.21974452688501428, 0.03680617742639318, 0.19936229040098297, 0.02190971370100463, 0.0, 0.16995598215838265, 0.22579164836527366, 0.2666297066034755, 0.08352671558284383, 0.2243583363457326, 0.2293110058018502, 0.020052454639489035, 0.06515267454306296, 0.7754275360493131, 0.4774320675241842, 0.33937541232768526, 0.18381217737726419, 0.04560267192571649, 0.06975661708335026, 0.22182067415870296, 0.6053419625721076, 0.5284763975673541, 0.002257746203659275, 0.11906107487775362, 0.7112447342977315, 0.07388365638445402, 0.40835782791316166, 0.038832089401514475, 0.5903396582233984, 0.18036337985810133, 0.20409941378972535, 0.031351747637078146, 0.4500355759745059, 0.2555928125409731, 0.09467422389575, 0.35518589258163724, 0.43269684072335224, 0.1528438154979421, 0.3430566108737036, 0.25913461596559334, 0.4734054091098651, 0.10014387712233996, 0.18451255843426956, 0.13360743833082778, 0.07148778912675709, 0.005567715448643912, 0.3706583642800561, 0.028120498697219925, 0.31483134113099276, 0.20854679393596973, 0.010316288977762173, 0.1661323215031851, 0.2772797527548004, 0.15503599837777904, 0.3397685237601815, 0.12315510732563681, 0.0044289510983550615, 0.38751508072663704, 0.11195034247934504, 0.03547909973836395, 0.17019089585397698, 0.23093980520103416, 0.6648915095992108, 0.17265005420412424, 0.11585801505747674, 0.0934966024658768, 0.002025748829230859, 0.009032796238995004, 0.41469420405524465, 0.13708505829826353, 0.1443365363082035, 0.03979429134103369, 0.10818351276023319, 0.2156180340837196, 0.0998100836385049, 0.14926384273328963, 0.22999061095010354, 0.014640803402214814, 0.004685073398104628, 0.6045191446205602, 0.10452139387623538, 0.13067296322018732, 0.6090058176386381, 0.6973486506663577, 0.045749141358585835, 0.02174385439547549, 0.020234733849355705, 0.014784225729120677, 0.39950115802175146, 0.361023468873909, 0.02594099030375521, 0.2120248248179632, 0.2844451685287155, 0.07013420096130989, 0.2974425290547919, 1.0, 0.09892011059718821, 0.08849212988677724, 0.4191302384626142, 0.29766358147601923]
Переходы: [0, 0, 2, 0, 2, 0, 2, 0, 1, 2, 2, 1, 0, 1, 0, 2, 1, 1, 2, 0, 0, 2, 0, 2, 2, 2, 0, 1, 1, 2, 0, 2, 1, 2, 1, 0, 2, 2, 1, 2, 1, 0, 0, 0, 1, 1, 0, 1, 1, 0, 0, 1, 2, 2, 0, 1, 0, 2, 1, 0, 1, 2, 0, 2, 1, 0, 2, 0, 0, 2, 0, 1, 1, 2, 0, 2, 2, 0, 2, 1, 1, 2, 1, 0, 2, 0, 0, 2, 0, 0, 1, 2, 2, 2, 0, 2, 1, 2, 2, 1, 2]
Частоты состояний: [0.3465346534653465, 0.27722772277227725, 0.37623762376237624]
